<?xml version="1.0" encoding="UTF-8"?>
<!-- Generated by org.testng.reporters.JUnitXMLReporter -->
<testsuite hostname="DESKTOP-8MOOFV8" ignored="2" name="TestFirefox" tests="1" failures="0" timestamp="16 Oct 2017 18:58:13 GMT" time="29.943" errors="0">
  <testcase name="@BeforeMethod openApplication" time="28.758" classname="generic.BaseTest">
    <failure type="org.openqa.selenium.WebDriverException" message="[Exception... &amp;quot;The URI scheme corresponds to an unknown protocol handler&amp;quot;  nsresult: &amp;quot;0x804b0012 (NS_ERROR_UNKNOWN_PROTOCOL)&amp;quot;  location: &amp;quot;JS frame :: chrome://marionette/content/listener.js :: get/&amp;lt; :: line 1215&amp;quot;  data: no]
Build info: version: &amp;apos;3.5.2&amp;apos;, revision: &amp;apos;10229a9020&amp;apos;, time: &amp;apos;2017-08-21T17:54:21.164Z&amp;apos;
System info: host: &amp;apos;DESKTOP-8MOOFV8&amp;apos;, ip: &amp;apos;192.168.100.8&amp;apos;, os.name: &amp;apos;Windows 10&amp;apos;, os.arch: &amp;apos;amd64&amp;apos;, os.version: &amp;apos;10.0&amp;apos;, java.version: &amp;apos;1.8.0_91&amp;apos;
Driver info: org.openqa.selenium.remote.RemoteWebDriver
Capabilities [{moz:profile=C:\Users\Vikram\AppData\Local\Temp\rust_mozprofile.O7tZBoVmbnfh, rotatable=false, timeouts={implicit=0, pageLoad=300000, script=30000}, pageLoadStrategy=normal, platform=ANY, specificationLevel=0, moz:accessibilityChecks=false, acceptInsecureCerts=false, browserVersion=54.0.1, platformVersion=10.0, moz:processID=3256, browserName=firefox, javascriptEnabled=true, platformName=windows_nt}]
Session ID: 3f6149cd-ec43-4ebd-81c9-0f8d3cd5a33d">
      <![CDATA[org.openqa.selenium.WebDriverException: [Exception... "The URI scheme corresponds to an unknown protocol handler"  nsresult: "0x804b0012 (NS_ERROR_UNKNOWN_PROTOCOL)"  location: "JS frame :: chrome://marionette/content/listener.js :: get/< :: line 1215"  data: no]
Build info: version: '3.5.2', revision: '10229a9020', time: '2017-08-21T17:54:21.164Z'
System info: host: 'DESKTOP-8MOOFV8', ip: '192.168.100.8', os.name: 'Windows 10', os.arch: 'amd64', os.version: '10.0', java.version: '1.8.0_91'
Driver info: org.openqa.selenium.remote.RemoteWebDriver
Capabilities [{moz:profile=C:\Users\Vikram\AppData\Local\Temp\rust_mozprofile.O7tZBoVmbnfh, rotatable=false, timeouts={implicit=0, pageLoad=300000, script=30000}, pageLoadStrategy=normal, platform=ANY, specificationLevel=0, moz:accessibilityChecks=false, acceptInsecureCerts=false, browserVersion=54.0.1, platformVersion=10.0, moz:processID=3256, browserName=firefox, javascriptEnabled=true, platformName=windows_nt}]
Session ID: 3f6149cd-ec43-4ebd-81c9-0f8d3cd5a33d
	at org.openqa.selenium.remote.http.W3CHttpResponseCodec.createException(W3CHttpResponseCodec.java:185)
	at org.openqa.selenium.remote.http.W3CHttpResponseCodec.decode(W3CHttpResponseCodec.java:120)
	at org.openqa.selenium.remote.http.W3CHttpResponseCodec.decode(W3CHttpResponseCodec.java:49)
	at org.openqa.selenium.remote.HttpCommandExecutor.execute(HttpCommandExecutor.java:164)
	at org.openqa.selenium.remote.RemoteWebDriver.execute(RemoteWebDriver.java:641)
	at org.openqa.selenium.remote.RemoteWebDriver.get(RemoteWebDriver.java:368)
	at generic.BaseTest.openApplication(BaseTest.java:29)
	at java.util.concurrent.FutureTask.run(FutureTask.java:266)
	at java.util.concurrent.ThreadPoolExecutor.runWorker(ThreadPoolExecutor.java:1142)
	at java.util.concurrent.ThreadPoolExecutor$Worker.run(ThreadPoolExecutor.java:617)
	at java.lang.Thread.run(Thread.java:745)
... Removed 22 stack frames]]>
    </failure>
  </testcase> <!-- @BeforeMethod openApplication -->
  <testcase name="testValidLogin" time="0.0" classname="script.ValidLogin">
    <skipped/>
  </testcase> <!-- testValidLogin -->
  <testcase name="testInvalidLogin" time="0.0" classname="script.InvalidLogin">
    <ignored/>
  </testcase> <!-- testInvalidLogin -->
  <testcase name="testProductVersion" time="0.0" classname="script.VerifyProductVersion">
    <ignored/>
  </testcase> <!-- testProductVersion -->
</testsuite> <!-- TestFirefox -->
